<?xml version="1.0" encoding="UTF-8"?>
<!-- Generated by org.testng.reporters.JUnitReportReporter -->
<testsuite hostname="7DLH4Q2" name="testcases.AddNewChannel" tests="14" failures="0" timestamp="21 Mar 2020 13:40:19 GMT" time="9.458" errors="0">
  <testcase name="addNewChannelWithNameEqualTo80" time="1.203" classname="testcases.AddNewChannel"/>
  <testcase name="addNewChannelWithSpecialCharacterName" time="0.366" classname="testcases.AddNewChannel"/>
  <testcase name="addNewChannelWithoutToken" time="0.321" classname="testcases.AddNewChannel"/>
  <testcase name="addNewChannelWithAlreadyRegisteredName" time="1.618" classname="testcases.AddNewChannel"/>
  <testcase name="addNewChannelWithNullValueName" time="0.415" classname="testcases.AddNewChannel"/>
  <testcase name="addNewChannelWithNameInUpperCase" time="0.318" classname="testcases.AddNewChannel"/>
  <testcase name="addNewChannelWithNameCombinationUpperLowerCase" time="0.322" classname="testcases.AddNewChannel"/>
  <testcase name="addNewChannelWithBlankToken" time="0.326" classname="testcases.AddNewChannel"/>
  <testcase name="addNewChannelWithInvalidToken" time="0.372" classname="testcases.AddNewChannel"/>
  <testcase name="addNewChannelWithNullValueToken" time="0.343" classname="testcases.AddNewChannel"/>
  <testcase name="addNewChannelWithoutName" time="0.346" classname="testcases.AddNewChannel"/>
  <testcase name="addNewChannelWithNameMoreThan80" time="0.692" classname="testcases.AddNewChannel"/>
  <testcase name="addNewChannelSuccessfully" time="2.474" classname="testcases.AddNewChannel"/>
  <testcase name="addNewChannelWithBlankName" time="0.342" classname="testcases.AddNewChannel"/>
</testsuite> <!-- testcases.AddNewChannel -->
