<?xml version="1.0" encoding="UTF-8"?>
<!-- Generated by org.testng.reporters.JUnitReportReporter -->
<testsuite hostname="7DLH4Q2" name="testcases.RenameChannel" tests="19" failures="0" timestamp="21 Mar 2020 13:40:19 GMT" time="7.203" errors="0">
  <testcase name="renameChannelWithUpperAndLowerCaseInRename" time="0.336" classname="testcases.RenameChannel"/>
  <testcase name="renameChannelWithBlankRename" time="0.316" classname="testcases.RenameChannel"/>
  <testcase name="renameChannelSpecialCharacterInRename" time="0.317" classname="testcases.RenameChannel"/>
  <testcase name="renameChannelWithBlankToken" time="0.320" classname="testcases.RenameChannel"/>
  <testcase name="renameChannelWithRenameMoreThan80" time="0.374" classname="testcases.RenameChannel"/>
  <testcase name="renameChannelWithInvalidToken" time="0.316" classname="testcases.RenameChannel"/>
  <testcase name="renameChannelWithRenameEqualTo80" time="0.401" classname="testcases.RenameChannel"/>
  <testcase name="renameChannelWithoutChannelId" time="0.306" classname="testcases.RenameChannel"/>
  <testcase name="renameChannelWithNullValueToken" time="0.305" classname="testcases.RenameChannel"/>
  <testcase name="renameChannelInvalidIntValueChannelId" time="0.342" classname="testcases.RenameChannel"/>
  <testcase name="renameChannelWithNullValueChannelId" time="0.408" classname="testcases.RenameChannel"/>
  <testcase name="renameChannelWithoutToken" time="0.312" classname="testcases.RenameChannel"/>
  <testcase name="renameChannelInvalidStringValueChannelId" time="0.343" classname="testcases.RenameChannel"/>
  <testcase name="renameChannelWithBlankChannelId" time="0.424" classname="testcases.RenameChannel"/>
  <testcase name="renameChannelWithUpperCaseInRename" time="0.323" classname="testcases.RenameChannel"/>
  <testcase name="renameChannelWithTheOriginalChannelName" time="0.410" classname="testcases.RenameChannel"/>
  <testcase name="renameChannelWithNulValueInRename" time="0.561" classname="testcases.RenameChannel"/>
  <testcase name="renameChannelWithoutRename" time="0.354" classname="testcases.RenameChannel"/>
  <testcase name="renameChannelSuccessfully" time="0.735" classname="testcases.RenameChannel"/>
</testsuite> <!-- testcases.RenameChannel -->
