<?xml version="1.0" encoding="UTF-8"?>
<!-- Generated by org.testng.reporters.JUnitReportReporter -->
<testsuite hostname="7DLH4Q2" name="testcases.JoinChannel" tests="10" failures="0" timestamp="21 Mar 2020 13:40:19 GMT" time="5.282" errors="0">
  <testcase name="joinChannelWithBlankToken" time="0.374" classname="testcases.JoinChannel"/>
  <testcase name="joinChannelWithBlankChannelId" time="0.316" classname="testcases.JoinChannel"/>
  <testcase name="joinChannelInvalidStringChannelId" time="0.995" classname="testcases.JoinChannel"/>
  <testcase name="joinChannelWithNullValueToken" time="0.307" classname="testcases.JoinChannel"/>
  <testcase name="joinChannelWithoutChannelId" time="0.364" classname="testcases.JoinChannel"/>
  <testcase name="joinChannelWithoutToken" time="0.771" classname="testcases.JoinChannel"/>
  <testcase name="joinChannelWithNullValueChannelId" time="0.334" classname="testcases.JoinChannel"/>
  <testcase name="joinChannelWithInvalidToken" time="0.329" classname="testcases.JoinChannel"/>
  <testcase name="joinChannelSuccessfully" time="1.158" classname="testcases.JoinChannel"/>
  <testcase name="joinChannelInvalidIntValueChannelId" time="0.334" classname="testcases.JoinChannel"/>
</testsuite> <!-- testcases.JoinChannel -->
