<?xml version="1.0" encoding="UTF-8"?>
<!-- Generated by org.testng.reporters.JUnitReportReporter -->
<testsuite hostname="7DLH4Q2" name="testcases.AddNewChannel" tests="14" failures="0" timestamp="21 Mar 2020 13:59:15 GMT" time="10.448" errors="0">
  <testcase name="addNewChannelWithNameEqualTo80" time="1.393" classname="testcases.AddNewChannel"/>
  <testcase name="addNewChannelWithSpecialCharacterName" time="0.379" classname="testcases.AddNewChannel"/>
  <testcase name="addNewChannelWithoutToken" time="0.386" classname="testcases.AddNewChannel"/>
  <testcase name="addNewChannelWithAlreadyRegisteredName" time="1.760" classname="testcases.AddNewChannel"/>
  <testcase name="addNewChannelWithNullValueName" time="0.395" classname="testcases.AddNewChannel"/>
  <testcase name="addNewChannelWithNameInUpperCase" time="0.465" classname="testcases.AddNewChannel"/>
  <testcase name="addNewChannelWithNameCombinationUpperLowerCase" time="0.363" classname="testcases.AddNewChannel"/>
  <testcase name="addNewChannelWithBlankToken" time="0.434" classname="testcases.AddNewChannel"/>
  <testcase name="addNewChannelWithInvalidToken" time="0.394" classname="testcases.AddNewChannel"/>
  <testcase name="addNewChannelWithNullValueToken" time="0.426" classname="testcases.AddNewChannel"/>
  <testcase name="addNewChannelWithoutName" time="0.412" classname="testcases.AddNewChannel"/>
  <testcase name="addNewChannelWithNameMoreThan80" time="0.402" classname="testcases.AddNewChannel"/>
  <testcase name="addNewChannelSuccessfully" time="2.828" classname="testcases.AddNewChannel"/>
  <testcase name="addNewChannelWithBlankName" time="0.411" classname="testcases.AddNewChannel"/>
</testsuite> <!-- testcases.AddNewChannel -->
