<?xml version="1.0" encoding="UTF-8"?>
<!-- Generated by org.testng.reporters.JUnitReportReporter -->
<testsuite hostname="7DLH4Q2" name="testcases.ArchiveChannel" tests="10" failures="0" timestamp="21 Mar 2020 13:40:19 GMT" time="3.776" errors="0">
  <testcase name="archieveChannelWithoutToken" time="0.325" classname="testcases.ArchiveChannel"/>
  <testcase name="archieveChannelWithInvalidToken" time="0.327" classname="testcases.ArchiveChannel"/>
  <testcase name="archieveChannelInvalidStringChannelId" time="0.406" classname="testcases.ArchiveChannel"/>
  <testcase name="archieveChannelWithNullValueChannelId" time="0.321" classname="testcases.ArchiveChannel"/>
  <testcase name="archieveChannelWithBlankChannelId" time="0.338" classname="testcases.ArchiveChannel"/>
  <testcase name="archieveChannelWithNullValueToken" time="0.326" classname="testcases.ArchiveChannel"/>
  <testcase name="archieveChannelWithAlreadyarchieve" time="0.313" classname="testcases.ArchiveChannel"/>
  <testcase name="archieveChannelWithBlankToken" time="0.335" classname="testcases.ArchiveChannel"/>
  <testcase name="archieveChannelSuccessfully" time="0.752" classname="testcases.ArchiveChannel"/>
  <testcase name="archieveChannelInvalidIntValueChannelId" time="0.333" classname="testcases.ArchiveChannel"/>
</testsuite> <!-- testcases.ArchiveChannel -->
