<?xml version="1.0" encoding="UTF-8"?>
<!-- Generated by org.testng.reporters.JUnitReportReporter -->
<testsuite hostname="7DLH4Q2" name="testcases.JoinChannel" tests="10" failures="0" timestamp="21 Mar 2020 13:59:15 GMT" time="5.402" errors="0">
  <testcase name="joinChannelWithBlankToken" time="0.375" classname="testcases.JoinChannel"/>
  <testcase name="joinChannelWithBlankChannelId" time="0.403" classname="testcases.JoinChannel"/>
  <testcase name="joinChannelInvalidStringChannelId" time="0.398" classname="testcases.JoinChannel"/>
  <testcase name="joinChannelWithNullValueToken" time="0.399" classname="testcases.JoinChannel"/>
  <testcase name="joinChannelWithoutChannelId" time="0.394" classname="testcases.JoinChannel"/>
  <testcase name="joinChannelWithoutToken" time="0.887" classname="testcases.JoinChannel"/>
  <testcase name="joinChannelWithNullValueChannelId" time="0.414" classname="testcases.JoinChannel"/>
  <testcase name="joinChannelWithInvalidToken" time="0.384" classname="testcases.JoinChannel"/>
  <testcase name="joinChannelSuccessfully" time="1.371" classname="testcases.JoinChannel"/>
  <testcase name="joinChannelInvalidIntValueChannelId" time="0.377" classname="testcases.JoinChannel"/>
</testsuite> <!-- testcases.JoinChannel -->
