<?xml version="1.0" encoding="UTF-8"?>
<!-- Generated by org.testng.reporters.JUnitReportReporter -->
<testsuite hostname="7DLH4Q2" name="testcases.ArchiveChannel" tests="10" failures="0" timestamp="21 Mar 2020 13:59:15 GMT" time="4.344" errors="0">
  <testcase name="archieveChannelWithoutToken" time="0.368" classname="testcases.ArchiveChannel"/>
  <testcase name="archieveChannelWithInvalidToken" time="0.390" classname="testcases.ArchiveChannel"/>
  <testcase name="archieveChannelInvalidStringChannelId" time="0.381" classname="testcases.ArchiveChannel"/>
  <testcase name="archieveChannelWithNullValueChannelId" time="0.412" classname="testcases.ArchiveChannel"/>
  <testcase name="archieveChannelWithBlankChannelId" time="0.383" classname="testcases.ArchiveChannel"/>
  <testcase name="archieveChannelWithNullValueToken" time="0.346" classname="testcases.ArchiveChannel"/>
  <testcase name="archieveChannelWithAlreadyarchieve" time="0.411" classname="testcases.ArchiveChannel"/>
  <testcase name="archieveChannelWithBlankToken" time="0.365" classname="testcases.ArchiveChannel"/>
  <testcase name="archieveChannelSuccessfully" time="0.897" classname="testcases.ArchiveChannel"/>
  <testcase name="archieveChannelInvalidIntValueChannelId" time="0.391" classname="testcases.ArchiveChannel"/>
</testsuite> <!-- testcases.ArchiveChannel -->
