<?xml version="1.0" encoding="UTF-8"?>
<!-- Generated by org.testng.reporters.JUnitReportReporter -->
<testsuite hostname="7DLH4Q2" name="testcases.RenameChannel" tests="19" failures="0" timestamp="21 Mar 2020 13:59:15 GMT" time="10.463" errors="0">
  <testcase name="renameChannelWithUpperAndLowerCaseInRename" time="0.436" classname="testcases.RenameChannel"/>
  <testcase name="renameChannelWithBlankRename" time="1.508" classname="testcases.RenameChannel"/>
  <testcase name="renameChannelSpecialCharacterInRename" time="0.393" classname="testcases.RenameChannel"/>
  <testcase name="renameChannelWithBlankToken" time="0.632" classname="testcases.RenameChannel"/>
  <testcase name="renameChannelWithRenameMoreThan80" time="0.456" classname="testcases.RenameChannel"/>
  <testcase name="renameChannelWithInvalidToken" time="0.370" classname="testcases.RenameChannel"/>
  <testcase name="renameChannelWithRenameEqualTo80" time="0.489" classname="testcases.RenameChannel"/>
  <testcase name="renameChannelWithoutChannelId" time="0.877" classname="testcases.RenameChannel"/>
  <testcase name="renameChannelWithNullValueToken" time="0.422" classname="testcases.RenameChannel"/>
  <testcase name="renameChannelInvalidIntValueChannelId" time="0.687" classname="testcases.RenameChannel"/>
  <testcase name="renameChannelWithNullValueChannelId" time="0.394" classname="testcases.RenameChannel"/>
  <testcase name="renameChannelWithoutToken" time="0.372" classname="testcases.RenameChannel"/>
  <testcase name="renameChannelInvalidStringValueChannelId" time="0.375" classname="testcases.RenameChannel"/>
  <testcase name="renameChannelWithBlankChannelId" time="0.399" classname="testcases.RenameChannel"/>
  <testcase name="renameChannelWithUpperCaseInRename" time="0.411" classname="testcases.RenameChannel"/>
  <testcase name="renameChannelWithTheOriginalChannelName" time="0.487" classname="testcases.RenameChannel"/>
  <testcase name="renameChannelWithNulValueInRename" time="0.379" classname="testcases.RenameChannel"/>
  <testcase name="renameChannelWithoutRename" time="0.418" classname="testcases.RenameChannel"/>
  <testcase name="renameChannelSuccessfully" time="0.958" classname="testcases.RenameChannel"/>
</testsuite> <!-- testcases.RenameChannel -->
